<?xml version="1.0" encoding="UTF-8"?>
<testng-results skipped="0" failed="0" total="1" passed="1">
  <reporter-output>
  </reporter-output>
  <suite name="Default suite" duration-ms="1406" started-at="2015-12-10T06:34:56Z" finished-at="2015-12-10T06:34:57Z">
    <groups>
    </groups>
    <test name="Default test" duration-ms="1406" started-at="2015-12-10T06:34:56Z" finished-at="2015-12-10T06:34:57Z">
      <class name="com.framework.DataDriven.suitA.TestCase1">
        <test-method status="PASS" signature="Test1()[pri:0, instance:com.framework.DataDriven.suitA.TestCase1@7c30a502]" name="Test1" duration-ms="1381" started-at="2015-12-10T12:04:56Z" finished-at="2015-12-10T12:04:57Z">
          <reporter-output>
          </reporter-output>
        </test-method> <!-- Test1 -->
      </class> <!-- com.framework.DataDriven.suitA.TestCase1 -->
    </test> <!-- Default test -->
  </suite> <!-- Default suite -->
</testng-results>
