<?xml version="1.0" encoding="UTF-8"?>
<testng-results skipped="0" failed="0" total="1" passed="1">
  <reporter-output>
  </reporter-output>
  <suite name="Default suite" duration-ms="20" started-at="2015-12-09T06:32:37Z" finished-at="2015-12-09T06:32:37Z">
    <groups>
    </groups>
    <test name="Default test" duration-ms="20" started-at="2015-12-09T06:32:37Z" finished-at="2015-12-09T06:32:37Z">
      <class name="com.framework.DataDriven.DataDriverDrameworkTestNG.TestRough">
        <test-method status="PASS" signature="testing()[pri:0, instance:com.framework.DataDriven.DataDriverDrameworkTestNG.TestRough@7e0babb1]" name="testing" duration-ms="8" started-at="2015-12-09T12:02:37Z" finished-at="2015-12-09T12:02:37Z">
          <reporter-output>
          </reporter-output>
        </test-method> <!-- testing -->
      </class> <!-- com.framework.DataDriven.DataDriverDrameworkTestNG.TestRough -->
    </test> <!-- Default test -->
  </suite> <!-- Default suite -->
</testng-results>
